/* AUTH: 02 C424FF27E2144371DDE5CF9C879D4E3B5D6F87F1638443CC4535EF9C3C39A4A1BFA44F03DE7758670CFFDFE63FB362774E5DB1F55D62C048F267989D7B7EA013AE42158EB5BC18FDAF18611014831948931B7A466C0982DD9EE6CD5894F2D4C87E69DD630EDFEB6E95DE23F181D50FFE9D32178C3141BFD14CE1098595A931A9AE1C60E743797A5EA0E1382AC6810244327FD68AB4088375C8CB0DF572707DD0AC37E642FDE57A4DE501F37F3D2EB4243057BC87B55C610DA3DDBF698F271039D7F5555B376C22D863964C672445D71D6B54E26E67957A55B74EE89F078631A350DC6AEEFB00F71AA491881D415D05DCFE125B498D5AC9899DD20CF7FBE8AA48 */

#title "FatDumpScanner"
#author "g3gg0"

#include trix

#plugin trix_fate
#plugin trix_fmtCNT

#include trix_fate

void description()
{
	printf("    _      FatDumpScanner\n");
	printf("   ( \\  ------------------\n");
	printf("    ) )\n");
	printf("   ( (  .-\"\"-.  A.-.A\n");
	printf("    \\ \\/      \\/ , , \\\n");
	printf("     \\   \\    =\\  t  /=\n");
	printf("      \\   |\"\".  '---'\n");
	printf("       / //  | ||\n");
	printf("      /_,))  |_,))\n");
	printf("   \n");
	printf("   \n");
	printf("  This script searches for FAT images in a given\n");
	printf("  subdirectory and extracts all of them into another\n");
	printf("  subdir.\n");
	printf("  \n");
	printf("  For every extracted FAT image, it will create an own\n");
	printf("  subdirectory. The files in image c:\\fat_img.bin\n");
	printf("  will get extracted to c:\\out\\fat_img.bin\\<files>\n");
	printf("\n");
	printf("  Very useful for mass-extraction of phone flashfiles.\n");
	printf("\n");
}


char *search_path = NULL;
char *dump_path = NULL;
char *search_ext = "*";
char dir_separator = '\\';
int status_box = 0;
int scanned_files = 0;
int unpacked_images = 0;


t_locator search_patern[] = 
{
	{ "FAT Label", "VOLUMELABELFAT16", "\xFF\xFF\xFF\xFF\xFF\xFF\xFF\xFF\xFF\xFF\xFF\xFF\xFF\xFF\xFF\xFF", 16, 0 },
	{ NULL, NULL, NULL, 0, 0 }
};

int file_save ( t_fat_info *info, char *filename_1, char *filename_2 )
{
	unsigned int blocksize = 1024*1024;
	unsigned char *buffer = NULL;
	unsigned int allocated = 0;
	unsigned int pos = 0;
	unsigned int read = 0;
	int done = 0;
	TFILE *file = NULL;
	t_workspace *ws = NULL;

	file = __fate_fopen (info, filename_1 );
	if ( !file )
	{
		printf ("file open error\n" );
		return E_FAIL;
	}

	allocated = blocksize;
	buffer = malloc ( allocated );
	if ( !buffer )
	{
		printf ( "malloc error\n" );
		return E_FAIL;
	}

	while ( !done )
	{
		read = __fate_fread ( &buffer[pos], 1, allocated-pos, file );
		if ( read )
		{
			pos += read;
			allocated += read;
			buffer = realloc ( buffer, allocated );
			if ( !buffer )
			{
				printf ( "malloc error\n" );
				return E_FAIL;
			}
		}
		else
			done = 1;
	}

	ws = WorkspaceCreateFileFromBuffer ( buffer, pos );

	__file_write ( filename_2, ws->fileinfo );
	__fate_fclose ( file );
	__workspace_release ( ws );

	return E_OK;
}


int dump_files ( t_fat_info *info, unsigned char *dest_dir )
{
	int index = 0;
	char *file_name = NULL;
	char *new_dest_name = NULL;
	
	do
	{
		file_name = __fate_get_name ( info, TYPE_FILE, index++ );
		if ( file_name )
		{
			new_dest_name = malloc ( strlen ( dest_dir ) + strlen ( file_name ) + 2 );
			sprintf ( new_dest_name, "%s%c%s", dest_dir, dir_separator, file_name );
			
			file_save ( info, file_name, new_dest_name );
			
			free ( new_dest_name );
		}
	} while ( file_name != NULL );

}


int dump_all ( t_fat_info *info, unsigned char *dest_dir )
{
	int index = 0;
	char *dir_name = NULL;
	char *new_dest_dir = NULL;
	
	dump_files ( info, dest_dir );
	do
	{
		dir_name = __fate_get_name ( info, TYPE_DIR, index++ );
		if ( dir_name )
		{
			if ( strcmp ( dir_name, ".          " ) && strcmp ( dir_name, "..         " ) )
			{
				new_dest_dir = malloc ( strlen ( dest_dir ) + strlen ( dir_name ) + 2 );
				sprintf ( new_dest_dir, "%s%c%s", dest_dir, dir_separator, dir_name );
				
				__file_io_create_directory(new_dest_dir);				
				
				__fate_cd ( info, dir_name );
				dump_all ( info, new_dest_dir );
				free ( new_dest_dir );
				__fate_cd ( info, ".." );
			}
		}
	} while ( dir_name != NULL );
}

int dump_image ( t_workspace *ws, char *destpath )
{
	t_fat_info *info = NULL;
	
	/* force LE for FAT */
	ws->flags = FLAGS_ENDIANESS_LE;
	
	info = __fate_open ( ws, __v_get_start ( ws ) );
	if ( !info )
	{
		return E_FAIL;
	}

	__file_io_create_directory ( destpath );
	dump_all(info, destpath);
}

/* don't use parsed file, just the plain input file */
void search_file ( char *filepath, char *filename  )
{
	unsigned int found = 0;
	unsigned int pos = 0;
	unsigned int entry = 0;
	char *dumpname[512];
	
	sprintf((char*)dumpname, "Scanned:  %i files... (%s)\nUnpacked: %i images...", scanned_files, filename, unpacked_images);
	UiBoxClear(status_box);
	UiBoxMsg(status_box, (char*)dumpname);
	
	scanned_files++;
	
	trix_workspace = WorkspaceStartup ( filepath );

	if ( !trix_workspace )
	{
		printf ( "Failed to open %s\r\n", filepath );
		return;
	}
	
	SetWorkStage ( 0, 0 );
	
	while(!found && search_patern[entry].func_name)
	{		
		pos = MEM_AUTO;
		do 
		{
			pos = FindPattern(&search_patern[entry], pos, MEM_AUTO, LOC_FORWARD);
			if ( pos != E_FAIL )
			{
				found = 1;
			}
		} while (!found && pos != E_FAIL );
		entry++;
	}
	
	/* work with last stage again */
	SetWorkStage ( 0, GetStageCount(0) - 1 );
	
	if(found)
	{
		unpacked_images++;
		printf ( "Dumping FAT image: %s\r\n", filepath );
		sprintf ( (char*)dumpname, "%s%c%s", dump_path, dir_separator, filename );
		dump_image ( trix_workspace, (char*)dumpname );
	}	
	
	__workspace_release ( trix_workspace );
	trix_workspace = NULL;
}

int search_dir ( char *dir )
{
	int pos = 0;
	unsigned int entries = 0;
	char *searchname[512];
	char *filepath[512];
	t_fileinfo *file_infos = NULL;	

	sprintf ( (char*)searchname, "%s%c%s", dir, dir_separator, search_ext );
	file_infos = __file_io_open_directory ( (char*)searchname, &entries );

	for ( pos=0; pos < entries; pos++ )
	{
		if(file_infos[pos].options & FILE_DIRECTORY)
		{
			sprintf ( (char*)filepath, "%s%c%s", dir, dir_separator, file_infos[pos].filename );
			search_dir ( (char*)filepath );
		}
		else
		{
			sprintf ( (char*)filepath, "%s%c%s", dir, dir_separator, file_infos[pos].filename );
			search_file ( (char*)filepath, (char*)file_infos[pos].filename );
		}
		free ( file_infos[pos].filename );
	}	
	free ( file_infos );
}


int main ( )
{

	/* do not want FATe to spam too much */
	__options_set_bool ( "plugins.FATe.fate_silent", 1 );

	description();
	
	UiDlgString ( "Enter search path", &search_path );
	UiDlgString ( "Enter directory where to dump extracted FAT images (will be created)", &dump_path );

	__file_io_create_directory ( dump_path );
	status_box = UiBoxCreate ( "Status" );
	UiBoxSize(status_box, 520, 20);
	
	printf ( "\n");
	printf ( "------------------------------------------ -  -\n");
	printf ( " Searching FAT images in:   %s\n", search_path );
	printf ( " Extracting files into:     %s\n", dump_path );
	printf ( "\n");
	
	search_dir ( (char*)search_path );
	
	printf ( "\n");
	printf ( " DONE\n" );
	printf ( "    Scanned  %i files.\n", scanned_files );
	printf ( "    Unpacked %i images.\n", unpacked_images );
	printf ( "------------------------------------------ -  -\n");
	printf ( "\n");
	
	UiBoxReleaseAll();
}


