#title "Emergency call patch (2651/1100)"
#author "g3gg0"


#include trix


int main ()
{
	int type = 1100;

	if ( type == 2651 )
	{
		SetHalf ( 0x01170681, 0x0000 );
		SetHalf ( 0x01127984, 0x46C0 );
	}
	else if ( type == 1100 )
	{
		/* "112" -> "5" */
		SetHalf ( 0x0114FC41, 0x3500 ); 

		/*
			inject code:

				.hex
				.org 0x0115A3B0
				.imp get_action    0x01068112
				.imp hook          0x01091676
				.imp initiate_call 0x01091512
				
				push r7, lr
				
				bl @hook
				
				push r0

				
				#	if current number is a valid emergency number,
				#	then action was set to 0x8E.
				#	then we will initiate a call.
				
				bl @get_action
				cmp r0, 0x8E
				pop r0
				bne @skip

				#
				#	message 0x05DC will initate emergency call
				#
				ldr r0, @message
				bl @initiate_call

				@skip:
				pop r7,lr

				nop
				@message:
				dd 0x000005DC
		*/
		SetWord ( 0x0115A3B0, 0xB580F737 );
		SetWord ( 0x0115A3B4, 0xF960B401 );
		SetWord ( 0x0115A3B8, 0xF70DFEAB );
		SetWord ( 0x0115A3BC, 0x288EBC01 );
		SetWord ( 0x0115A3C0, 0xD1024802 );
		SetWord ( 0x0115A3C4, 0xF737F8A5 );
		SetWord ( 0x0115A3C8, 0xBD8046C0 );
		SetWord ( 0x0115A3CC, 0x000005DC );

		/* hook the handler table */
		SetWord ( 0x011591E4, 0x0115A3B1 );

		/* fuck up SIMIF */
		SetWord ( 0x0110998E, 0x46C046C0 );
		SetWord ( 0x011099B6, 0x46C046C0 );
		SetWord ( 0x011099C4, 0x46C046C0 );
		SetWord ( 0x011099D2, 0x46C046C0 );
		SetWord ( 0x011099DE, 0x46C046C0 );
		SetHalf ( 0x01109A02, 0x46C0 );
		SetHalf ( 0x01109A20, 0x46C0 );
		SetHalf ( 0x01109A24, 0x46C0 );
		SetHalf ( 0x01109A40, 0x46C0 );
		SetHalf ( 0x01109A4A, 0x2000 );

	}
}
