#include trix

#plugin trix_prodigize
#include trix_prodigize


// loader from pack 3.19
unsigned char u_2nd319[2248] = {
	0x64, 0x01, 0x0A, 0x04, 0x00, 0x0F, 0x20, 0x1F, 0x00, 0x13, 0x00, 0x00, 0x00, 0x00, 0x00, 0x00,
	0x00, 0x00, 0x00, 0x00, 0x23, 0x5C, 0x04, 0x0F, 0x00, 0x00, 0x00, 0x24, 0x00, 0x00, 0x00, 0x00,
	0x0B, 0x38, 0xC5, 0x40, 0x94, 0x0F, 0x70, 0xD6, 0xA5, 0x91, 0x8F, 0x6B, 0x7C, 0x99, 0x96, 0x53,
	0xA2, 0x33, 0xF8, 0x26, 0xFC, 0xB2, 0x0B, 0x3B, 0x90, 0x90, 0xBC, 0xE5, 0x18, 0x08, 0xF2, 0x70,
	0x49, 0x75, 0xC3, 0xD9, 0xE0, 0x69, 0x59, 0x51, 0x71, 0x8C, 0xA2, 0x70, 0xEF, 0x3B, 0xBB, 0x39,
	0xFA, 0xDC, 0x1A, 0xD2, 0xEC, 0x03, 0x7D, 0x00, 0xA1, 0x46, 0x96, 0x64, 0x0A, 0xE0, 0x73, 0x77,
	0x71, 0x08, 0xAF, 0x47, 0x89, 0x0F, 0x5B, 0xEF, 0x3D, 0x3C, 0xAA, 0xD7, 0x35, 0x67, 0x5E, 0xB1,
	0x28, 0x58, 0xF6, 0x2E, 0xE5, 0xDD, 0x94, 0x84, 0x1F, 0xAD, 0xB0, 0xA1, 0xFB, 0x00, 0x7F, 0x2C,
	0x73, 0x6D, 0x81, 0x0B, 0xD1, 0x05, 0xF6, 0xEF, 0xF9, 0x6F, 0x9C, 0x0A, 0xAD, 0xCC, 0x84, 0x4E,
	0xCD, 0x23, 0xBC, 0x9D, 0x21, 0x54, 0xDF, 0x9F, 0xD9, 0x53, 0xA2, 0x33, 0x59, 0x40, 0xD2, 0xB0,
	0x96, 0x14, 0x54, 0x68, 0xEC, 0x4A, 0x23, 0xAF, 0x34, 0x96, 0xA0, 0x61, 0x6C, 0x8E, 0xC3, 0x4D,
	0x8E, 0xBB, 0x4C, 0x0D, 0x47, 0x1B, 0x8C, 0x6E, 0x49, 0xEC, 0x5E, 0x08, 0xC0, 0xD0, 0x9F, 0x13,
	0x60, 0x99, 0x05, 0xD3, 0x79, 0x2A, 0x05, 0xEC, 0x63, 0xAC, 0xB5, 0x2A, 0x24, 0x4C, 0xE7, 0x9A,
	0x70, 0xAC, 0x5B, 0x62, 0x0B, 0x9A, 0x30, 0xBA, 0x0C, 0x73, 0x64, 0x6B, 0x30, 0xD0, 0x6C, 0x45,
	0xED, 0xEA, 0x76, 0xE2, 0x74, 0x79, 0xD6, 0xC6, 0xA1, 0xCA, 0xF9, 0xB2, 0x23, 0x30, 0xCF, 0x5F,
	0xE5, 0x7A, 0x2B, 0xFA, 0x2A, 0xC2, 0x2E, 0x8E, 0xF9, 0x10, 0xBC, 0xF4, 0xEA, 0xE5, 0x3E, 0xF2,
	0x8B, 0xFE, 0xF2, 0x14, 0xF6, 0xB6, 0x4D, 0xB4, 0xAA, 0x7E, 0xF9, 0x5E, 0x22, 0x0C, 0x7C, 0xF8,
	0x76, 0xA0, 0x40, 0x45, 0xDF, 0x27, 0x40, 0xFA, 0x46, 0x13, 0x67, 0x46, 0xD6, 0x16, 0x4C, 0xC3,
	0x79, 0x7D, 0x6F, 0x8E, 0x0D, 0x48, 0xC6, 0x65, 0x91, 0x1D, 0x91, 0x4C, 0xD6, 0x76, 0xFB, 0x5C,
	0xC9, 0x60, 0xB3, 0x4F, 0xBF, 0xBC, 0x8E, 0x80, 0x57, 0x83, 0x68, 0xFE, 0xFD, 0xCC, 0x24, 0xA1,
	0xC5, 0x40, 0x0E, 0xC3, 0x48, 0x28, 0x39, 0x05, 0x15, 0x9E, 0xB6, 0xF4, 0x76, 0xA9, 0x98, 0xFF,
	0xC4, 0x44, 0xDA, 0x2D, 0x56, 0x1E, 0x12, 0x97, 0x25, 0xEA, 0x74, 0x87, 0x6B, 0x64, 0x68, 0x02,
	0xF8, 0x50, 0x9D, 0xE9, 0x9C, 0xD4, 0xF7, 0x99, 0xBD, 0xEE, 0xD6, 0x01, 0x25, 0x83, 0xEF, 0x1C,
	0x13, 0xCB, 0x6F, 0xFA, 0x09, 0x92, 0xBF, 0x16, 0x41, 0xDA, 0x2C, 0x7E, 0xB0, 0x6A, 0x44, 0x72,
	0xCF, 0xA5, 0x87, 0x42, 0xD8, 0x8C, 0x24, 0x82, 0x7C, 0xB4, 0x38, 0x66, 0x6B, 0xC7, 0x4E, 0x29,
	0xBC, 0xBD, 0x4D, 0xBE, 0xBD, 0x9C, 0x4B, 0xAF, 0x3D, 0x36, 0x03, 0x69, 0x05, 0xA4, 0xD0, 0x4B,
	0xC1, 0xFD, 0xEE, 0x9E, 0x23, 0x80, 0x31, 0x01, 0xAF, 0x82, 0xAA, 0xB3, 0x99, 0xC8, 0x28, 0xFC,
	0x45, 0x91, 0x2E, 0x69, 0x21, 0x6C, 0xA6, 0x91, 0x1C, 0x86, 0x99, 0xB3, 0xF0, 0xC7, 0x98, 0x22,
	0xDC, 0xEB, 0x99, 0x60, 0x0F, 0xCC, 0x61, 0x3E, 0xB5, 0xB3, 0x19, 0xA8, 0x35, 0x7B, 0x8D, 0x4D,
	0xCA, 0x38, 0x43, 0x5E, 0xDD, 0xB4, 0xD1, 0x70, 0xD1, 0x68, 0xAF, 0x99, 0x43, 0xC8, 0x3B, 0x67,
	0xAE, 0xEE, 0x63, 0x42, 0x96, 0xDF, 0x36, 0xB5, 0x89, 0x2C, 0x1A, 0x8A, 0x78, 0x6F, 0x93, 0x3C,
	0xFC, 0xBD, 0x58, 0x4E, 0xEF, 0xBB, 0xB2, 0x68, 0x72, 0x93, 0xBD, 0x24, 0xD2, 0xA6, 0xDD, 0x09,
	0x8A, 0x61, 0x2F, 0x1D, 0xD0, 0x6E, 0x71, 0x1F, 0x20, 0xCE, 0x0A, 0x14, 0xE7, 0x50, 0x84, 0xCA,
	0x83, 0xA8, 0xBE, 0x3F, 0xA8, 0x50, 0x16, 0xF0, 0xD2, 0x3F, 0xC1, 0xED, 0x2A, 0x66, 0x41, 0x36,
	0x9F, 0x72, 0x72, 0xAF, 0xA6, 0x8D, 0xC6, 0xF3, 0x2D, 0x80, 0xD6, 0x4B, 0x46, 0x89, 0x85, 0x7C,
	0xC9, 0xCD, 0x48, 0x0B, 0x2A, 0xD2, 0x7B, 0xA6, 0x3E, 0xBF, 0xC7, 0x88, 0x07, 0x29, 0xE0, 0x95,
	0x9F, 0x65, 0x9C, 0xF8, 0xCB, 0xD9, 0xAA, 0x6E, 0x14, 0x2F, 0x2D, 0xB2, 0x16, 0x88, 0xD0, 0x88,
	0x60, 0x9B, 0x90, 0x3A, 0x77, 0x2A, 0x4B, 0x74, 0xC4, 0xC9, 0x02, 0x29, 0xFA, 0x25, 0xAB, 0xCD,
	0x65, 0xD2, 0x07, 0xD3, 0xBA, 0x09, 0x84, 0x95, 0x74, 0xC3, 0x1F, 0x1D, 0x32, 0xBB, 0x54, 0x40,
	0xEA, 0x7D, 0x0A, 0x67, 0x42, 0x0E, 0xF1, 0x3D, 0x30, 0x07, 0x57, 0x60, 0x82, 0xB1, 0x64, 0x76,
	0x29, 0x3C, 0x27, 0x8B, 0x57, 0x85, 0xF5, 0xA0, 0x49, 0x8E, 0x68, 0xF7, 0xA8, 0x1B, 0x24, 0x55,
	0x12, 0xAB, 0xC6, 0xAD, 0xEC, 0x3F, 0x4C, 0xD6, 0x1D, 0x5D, 0x8D, 0x72, 0x61, 0xE2, 0x34, 0xF1,
	0x9E, 0xE1, 0x35, 0xE1, 0xE4, 0xF4, 0x0E, 0x7A, 0x13, 0x37, 0xAE, 0xF3, 0x1E, 0x63, 0x5D, 0xC5,
	0x13, 0x7C, 0xF1, 0xBF, 0xC5, 0x08, 0xA1, 0xCD, 0xE4, 0x37, 0xE8, 0x01, 0xAA, 0x79, 0x8B, 0x88,
	0x5A, 0x1C, 0x65, 0x3C, 0x71, 0xDD, 0x5D, 0x43, 0x12, 0x56, 0x62, 0x43, 0xEA, 0x82, 0xC8, 0x6B,
	0x7E, 0xFD, 0x13, 0xE4, 0xCE, 0xEE, 0x8B, 0xBA, 0xD6, 0x20, 0x9E, 0x03, 0xE0, 0xD7, 0x62, 0x7A,
	0x1D, 0xF3, 0x1C, 0xEF, 0xED, 0xFA, 0x09, 0x07, 0x56, 0xC3, 0x4E, 0x36, 0x88, 0x08, 0x80, 0x19,
	0x0F, 0x21, 0xF1, 0xBB, 0xB7, 0xB0, 0xD1, 0xDD, 0xCE, 0xCD, 0xCA, 0xC7, 0x57, 0x5C, 0xC9, 0xFC,
	0x12, 0x9B, 0x2C, 0x2A, 0xBE, 0x4D, 0x29, 0x2F, 0xE2, 0x9C, 0x90, 0xA5, 0x58, 0x6C, 0x2C, 0x1A,
	0x89, 0xDB, 0x8F, 0x55, 0xCF, 0xBB, 0x84, 0x24, 0xF0, 0xA6, 0x09, 0x90, 0xEB, 0x12, 0x65, 0xD9,
	0xA2, 0x5D, 0x4C, 0xD4, 0x5F, 0x61, 0x44, 0xC6, 0xEF, 0x54, 0xF0, 0x47, 0xF4, 0x29, 0xF8, 0x8A,
	0xCB, 0x3B, 0x4B, 0xD6, 0xCA, 0x0D, 0x61, 0xFC, 0x91, 0xBF, 0x86, 0x31, 0x2A, 0x42, 0x9C, 0x0D,
	0xD8, 0xFD, 0xA5, 0xEF, 0x9B, 0x28, 0xDA, 0xC8, 0x8B, 0x4C, 0x5E, 0x7C, 0x96, 0xDC, 0xF9, 0x94,
	0x1F, 0xD4, 0xF0, 0xB5, 0xEF, 0x89, 0xE8, 0x32, 0x9E, 0x75, 0x29, 0x4A, 0x97, 0xFE, 0x33, 0xEA,
	0xE2, 0x0B, 0xBE, 0x79, 0xC5, 0x9D, 0x34, 0x98, 0xFC, 0x9D, 0xF4, 0x08, 0x3D, 0x87, 0x6B, 0xA2,
	0xE7, 0x8C, 0x6A, 0x9D, 0x88, 0x23, 0x61, 0xBE, 0xD6, 0x77, 0x5E, 0xE6, 0xE3, 0x43, 0x3A, 0x7D,
	0xC1, 0x0B, 0xB6, 0x0E, 0xFE, 0x5D, 0x61, 0x3B, 0xB1, 0xE0, 0xAE, 0xCF, 0x77, 0xF6, 0x62, 0x47,
	0xE9, 0xEE, 0x77, 0x93, 0xA5, 0xF6, 0x51, 0x91, 0xDB, 0xFF, 0x20, 0x83, 0x71, 0xB1, 0x4A, 0x2D,
	0xE9, 0x45, 0x84, 0x2D, 0xC7, 0xF4, 0x19, 0x11, 0xCA, 0x07, 0x80, 0x01, 0x57, 0xE6, 0x2D, 0xEE,
	0x13, 0x05, 0xE7, 0xB5, 0x26, 0xF1, 0xB4, 0x1D, 0x55, 0x33, 0x19, 0x5E, 0x2A, 0xE5, 0x08, 0xD9,
	0xAE, 0x29, 0x6C, 0x4E, 0x14, 0xDF, 0x77, 0xE0, 0x5B, 0x87, 0x83, 0x8B, 0xFA, 0x3C, 0xB7, 0x0E,
	0xFE, 0x70, 0x5C, 0x66, 0x66, 0xB8, 0xBD, 0xD4, 0x05, 0x80, 0x68, 0x6C, 0xA7, 0x0C, 0x0D, 0x8F,
	0x2A, 0xBA, 0x76, 0x0A, 0x2C, 0xCE, 0xBF, 0x1B, 0x62, 0x54, 0xA2, 0x42, 0xDD, 0x3A, 0x30, 0xA2,
	0xD8, 0x9E, 0xCD, 0xF5, 0xF5, 0xD6, 0x19, 0x56, 0x97, 0x64, 0x8A, 0xCE, 0x78, 0x0B, 0x67, 0x59,
	0x9B, 0x04, 0x3A, 0xC2, 0x2E, 0xB1, 0xD0, 0xD0,

        0x72, 0xDF, 0x5E, 0xC2, 0x2C, 0xE3, 0xD2,

        // patch byte, orig 0x59  (0x5A is almost ok)
        0x5D,

	0x18, 0xBB, 0xA5, 0xA4, 0xD6, 0xF6, 0xEB,

        // patch byte, orig 0xF4
        0x06,

        0x43, 0x66, 0x16, 0x63, 0x76, 0x3C, 0x67, 0xCB,
	0x3F, 0x2E, 0xF1, 0x86, 0x7D, 0xF0, 0x42, 0xD0, 0x43, 0x30, 0x74, 0x7C, 0xBB, 0xCF, 0x7B, 0x05,
	0x05, 0x4D, 0x44, 0x58, 0xAC, 0xEF, 0x55, 0xD7, 0x04, 0x70, 0xCF, 0xCB, 0x31, 0x01, 0x14, 0x04,
	0x74, 0xBC, 0xEB, 0xB5, 0x92, 0x41, 0x29, 0x13, 0x9A, 0x75, 0x53, 0x68, 0xD4, 0xEB, 0x69, 0x04,
	0xDC, 0x12, 0x2E, 0x43, 0x1B, 0xE7, 0xEF, 0xFD, 0x35, 0x75, 0x89, 0x7F, 0x9F, 0x86, 0x8C, 0xCE,
	0x0A, 0x26, 0x8A, 0x51, 0x48, 0xD4, 0x13, 0x60, 0x81, 0x1F, 0x81, 0xD7, 0xBC, 0xFE, 0x9A, 0x3D,
	0x72, 0x14, 0xBD, 0x07, 0x90, 0xCD, 0x82, 0xFA, 0xDE, 0x6C, 0xF1, 0x89, 0x7B, 0x3D, 0x5D, 0x4D,
	0xEA, 0x40, 0xCB, 0xC0, 0x26, 0x93, 0x2F, 0x5F, 0x38, 0x60, 0x93, 0x9E, 0x24, 0x41, 0xFC, 0xF8,
	0xF7, 0x76, 0x55, 0x44, 0xAA, 0x41, 0xA4, 0x59, 0xCF, 0xEE, 0x4D, 0x85, 0x78, 0xDB, 0xD3, 0x5F,
	0x83, 0x28, 0x51, 0x0B, 0x19, 0x44, 0x4A, 0x6E, 0x09, 0x17, 0x59, 0x3B, 0x8B, 0x02, 0xE5, 0x8D,
	0xC2, 0x30, 0x37, 0x19, 0x16, 0xA8, 0x01, 0xA3, 0xEE, 0x2B, 0x3E, 0x40, 0x29, 0xF8, 0x3B, 0x10,
	0x81, 0x04, 0xB1, 0xCD, 0x45, 0xF5, 0x89, 0x7F, 0xFD, 0xA6, 0x07, 0xBB, 0x1D, 0x7C, 0x75, 0x4B,
	0x01, 0x03, 0x42, 0xEB, 0x64, 0x6D, 0x1B, 0x7C, 0x97, 0x17, 0xFD, 0x30, 0x19, 0x0A, 0x89, 0x05,
	0x99, 0x8F, 0x57, 0x31, 0x72, 0xA9, 0x26, 0xC8, 0xA3, 0x2E, 0x38, 0xCE, 0xAF, 0xD5, 0xC6, 0x2B,
	0x39, 0x76, 0x84, 0x58, 0xAB, 0x4D, 0xAB, 0xF1, 0xB9, 0xBC, 0x0C, 0x12, 0xE1, 0xA4, 0xFA, 0x8A,
	0xF1, 0x01, 0x2C, 0xC5, 0xDF, 0xF9, 0x35, 0xC3, 0x4E, 0xF8, 0x7F, 0x19, 0xE5, 0x21, 0x26, 0x9F,
	0x20, 0x72, 0x99, 0x04, 0x40, 0x13, 0x23, 0x43, 0xAF, 0x13, 0xFF, 0x27, 0xE0, 0xE4, 0xD2, 0x79,
	0x1E, 0xEE, 0x56, 0x48, 0x74, 0xC9, 0x26, 0x93, 0x41, 0xA0, 0x01, 0xD8, 0x1D, 0x15, 0x7A, 0x9A,
	0x78, 0x24, 0x9D, 0x86, 0x9F, 0x39, 0x95, 0x5A, 0x75, 0xF0, 0xF2, 0x1E, 0xB2, 0x6C, 0xEB, 0x2B, 
	0x06, 0x40, 0xF2, 0x20, 0x83, 0x34, 0x8E, 0xED, 0xE8, 0xDF, 0x93, 0xBD, 0xD8, 0x52, 0x9F, 0x41, 
	0x5C, 0xA0, 0xFC, 0x49, 0xD4, 0x7B, 0x10, 0xAA, 0xD0, 0x29, 0xA6, 0xBE, 0x66, 0x85, 0x4D, 0x15, 
	0x17, 0xC9, 0xB4, 0x01, 0x8D, 0xC3, 0xFA, 0xB4, 0xEF, 0xE7, 0x40, 0x6D, 0x82, 0xBF, 0x48, 0x6B, 
	0x50, 0x39, 0xD0, 0xF0, 0x4B, 0xE3, 0x25, 0x6C, 0xE7, 0x29, 0x2E, 0x14, 0xA4, 0xCF, 0x2D, 0xD6, 
	0xA6, 0x0D, 0x48, 0x14, 0x1A, 0x53, 0x57, 0xB0, 0xC6, 0x6E, 0x88, 0x45, 0x44, 0x53, 0xDD, 0xC5, 
	0x26, 0x13, 0x49, 0x88, 0x22, 0x84, 0x40, 0x81, 0xAE, 0x8C, 0x88, 0x8E, 0xC5, 0x28, 0x51, 0x6B, 
	0xB8, 0x49, 0x8A, 0x3C, 0xA8, 0x76, 0x42, 0x6F, 0xCB, 0xC8, 0xAB, 0x59, 0x58, 0x10, 0x75, 0x11, 
	0xA2, 0xF9, 0x92, 0xBF, 0xD1, 0xD1, 0x6D, 0xAA, 0x71, 0x08, 0x98, 0x5E, 0x3C, 0xAA, 0x7D, 0xD0, 
	0xA9, 0x78, 0x26, 0xCC, 0x3D, 0xC7, 0x43, 0x7F, 0x70, 0xFC, 0xDA, 0x8B, 0x0A, 0xB3, 0xF1, 0xD8, 
	0xDA, 0x61, 0x6E, 0x50, 0xA5, 0x86, 0xF8, 0x3A, 0x6A, 0x93, 0x0A, 0xD2, 0x00, 0xC7, 0xE5, 0x72, 
	0x71, 0xC9, 0xDA, 0x8E, 0x7B, 0x08, 0xC5, 0x60, 0x61, 0xEF, 0xD6, 0x26, 0x30, 0x0F, 0x3E, 0xB2, 
	0x75, 0x89, 0x5F, 0xE3, 0x9D, 0x2A, 0x17, 0x3C, 0x6D, 0xC0, 0xB9, 0xA8, 0x9A, 0x16, 0x66, 0x61, 
	0x6D, 0x83, 0xBB, 0x6A, 0xBA, 0xA2, 0xCD, 0x82, 0xD8, 0x6A, 0xD0, 0x48, 0x66, 0x44, 0x22, 0x83, 
	0x51, 0x7B, 0x60, 0xCB, 0xA7, 0xEF, 0xE3, 0x30, 0x91, 0xEA, 0x64, 0x2A, 0xC1, 0xF5, 0x5D, 0x3E, 
	0xC4, 0x61, 0x22, 0x6C, 0x8E, 0x4A, 0x05, 0x50, 0x0E, 0x0E, 0xB3, 0x3F, 0xF5, 0x98, 0x44, 0xA7, 
	0x8A, 0xBC, 0xA8, 0xFE, 0x85, 0x02, 0xB9, 0x9F, 0x65, 0xE3, 0x3D, 0xCE, 0xCE, 0xF3, 0xA2, 0xC4, 
	0x15, 0x70, 0x05, 0x1A, 0xF5, 0x9E, 0xB0, 0x4E, 0x68, 0x58, 0xB0, 0xD4, 0xED, 0x65, 0x09, 0x09,
	0x9E, 0x1F, 0xE1, 0xFA, 0x06, 0x7E, 0x52, 0xD0, 0x18, 0x7F, 0xD6, 0x71, 0xF3, 0x8A, 0xE0, 0x53,
	0xFC, 0x98, 0x99, 0x22, 0xAF, 0x93, 0xD4, 0xCA, 0x59, 0x48, 0x2B, 0xA2, 0x5D, 0xF3, 0x66, 0xCA,
	0x60, 0xDA, 0x57, 0x78, 0xFA, 0xD3, 0x33, 0x9D, 0xEA, 0xE7, 0x86, 0xC4, 0x2F, 0x05, 0x63, 0xD4,
	0x4C, 0x51, 0x1A, 0xD6, 0x8E, 0x26, 0xC5, 0x63, 0xD9, 0x2D, 0xB7, 0x04, 0xE2, 0x9A, 0x87, 0xFD, 
	0xFB, 0x18, 0x89, 0x53, 0x60, 0x10, 0x57, 0x44, 0x4F, 0x2A, 0x45, 0x08, 0x6A, 0x65, 0xDE, 0x83, 
	0xD3, 0xFC, 0x49, 0x7B, 0xD8, 0xC6, 0xDA, 0x36, 0x9C, 0xC0, 0xC6, 0xAA, 0xA7, 0xF5, 0x1F, 0x80, 
	0x82, 0xBE, 0xBC, 0xD9, 0x43, 0x1E, 0xF1, 0xD4, 0x9B, 0x07, 0x0E, 0x13, 0x70, 0xAA, 0x75, 0x47, 
	0x7A, 0xBE, 0x3A, 0x9E, 0x45, 0xDD, 0xD9, 0xC9, 0x95, 0x88, 0x3E, 0x39, 0xAB, 0x3A, 0xF2, 0x5D, 
	0xF2, 0x1F, 0x58, 0x44, 0xCE, 0x00, 0x8A, 0xC3, 0xC3, 0x90, 0x97, 0xCA, 0x4A, 0x6F, 0xF0, 0xD9, 
	0x12, 0x3D, 0x75, 0xF1, 0x39, 0xDA, 0x86, 0x35, 0x3C, 0x4E, 0x54, 0xEB, 0x1A, 0xF3, 0x89, 0x73, 
	0xF9, 0x04, 0x79, 0xC9, 0x4A, 0xAA, 0xDD, 0x05, 0x2C, 0xE8, 0xDF, 0x8E, 0x0E, 0x58, 0x14, 0xC6, 
	0xF6, 0xAA, 0x09, 0x58, 0x6E, 0x22, 0x8A, 0x24, 0x4F, 0xB1, 0x23, 0xA1, 0x85, 0xCF, 0x9C, 0x98, 
	0x55, 0x84, 0x5F, 0xC4, 0x44, 0xAB, 0xA1, 0x4C, 0x06, 0x53, 0xD5, 0x8A, 0xD1, 0x54, 0xB1, 0xDC, 
	0x30, 0xD7, 0x77, 0x8A, 0x5A, 0x07, 0x82, 0x84, 0xC3, 0x1C, 0xE4, 0xA5, 0x2B, 0x22, 0x3B, 0xA1, 
	0x2E, 0xDA, 0xCF, 0x1F, 0x7D, 0x50, 0x6D, 0xA4, 0x02, 0x16, 0x5D, 0xDA, 0x03, 0xC1, 0x8D, 0x2C, 
	0x7A, 0xCF, 0x65, 0x5D, 0x63, 0x5F, 0xF5, 0xDF, 0x49, 0x39, 0x0E, 0x8A, 0x3C, 0xA6, 0xC9, 0x93, 
	0xEC, 0x5D, 0x4A, 0xC3, 0xC8, 0xB8, 0x2A, 0xEB, 0x2F, 0xA2, 0x8E, 0x4E, 0xA6, 0x97, 0x7D, 0x45, 
	0x30, 0xEE, 0xF4, 0x83, 0x3A, 0xED, 0x6D, 0x49, 0xE1, 0xE2, 0xCD, 0x6E, 0x04, 0x9E, 0x61, 0xB4, 
	0x8E, 0x62, 0x5A, 0x9E, 0xD9, 0xFA, 0xC3, 0x37, 0xE8, 0x49, 0x09, 0xA2, 0x31, 0x1A, 0x73, 0xF3, 
	0xCF, 0x08, 0x42, 0x17, 0xB5, 0x57, 0xE6, 0x6F, 0x62, 0x86, 0x41, 0x76, 0x27, 0x1F, 0xFB, 0x1F, 
	0x8C, 0xBE, 0x12, 0xB5, 0x69, 0x02, 0x49, 0x69, 0xF8, 0x99, 0xC8, 0xFB, 0xB2, 0x74, 0xDB, 0x9F,
	0x2C, 0xE0, 0xDF, 0x16, 0xCA, 0x5C, 0x7F, 0x0A, 0x86, 0x39, 0x35, 0x75, 0xEB, 0x57, 0x9F, 0xBB,
	0xA2, 0x9E, 0x8F, 0x48, 0x00, 0x20, 0xCD, 0xC2, 0xC4, 0x9F, 0x52, 0x5F, 0x1E, 0x4B, 0x44, 0xB1,
	0x34, 0x39, 0x2A, 0x95, 0x76, 0x1F, 0x31, 0x95, 0xA5, 0x72, 0x25, 0x43, 0xB4, 0x95, 0x51, 0xC8,
	0xE2, 0x74, 0x98, 0xE0, 0x7D, 0x84, 0x16, 0x41, 0xA1, 0xDF, 0xAE, 0x3F, 0x57, 0x35, 0x10, 0x6E, 
	0x4E, 0x01, 0xBE, 0x59, 0x08, 0x31, 0xAE, 0x97, 0xCC, 0xA4, 0x1B, 0xE3, 0xD1, 0xA8, 0x1A, 0x91, 
	0x1C, 0xBC, 0xA2, 0x7D, 0xC0, 0x77, 0x52, 0xD7, 0xC4, 0x4A, 0xEB, 0x8D, 0xD0, 0xEF, 0x97, 0xB0, 
	0x50, 0xBC, 0x5A, 0xF6, 0xF6, 0x29, 0xFA, 0xCD, 0xFB, 0xEA, 0xA1, 0xED, 0xEE, 0x6C, 0xB1, 0x5C, 
	0x00, 0x4F, 0x43, 0x47, 0x4F, 0x1B, 0x04, 0x47, 0xC3, 0x00, 0xC6, 0x6C, 0x03, 0x40, 0xD0, 0x37,
	0x03, 0xFF, 0x3C, 0x10, 0xCF, 0x84, 0xB8, 0x29, 0x9C, 0x3B, 0x93, 0x79, 0xC8, 0xFC, 0x41, 0xBA, 
	0xF2, 0x67, 0x5B, 0x3A, 0x26, 0x43, 0x9A, 0x9B, 0x4F, 0xF2, 0xA8, 0x35, 0x88, 0x0B, 0xDB, 0x21, 
	0x9E, 0xB0, 0xF3, 0x10, 0x7D, 0xEE, 0x50, 0xCB, 0xF6, 0x83, 0x22, 0x5B, 0x17, 0x83, 0xD6, 0x7A, 
	0x65, 0x21, 0xED, 0x9A, 0x79, 0xD8, 0xF5, 0x5F, 0xFB, 0x5B, 0x61, 0x6B, 0x8E, 0xF6, 0x6D, 0xCF, 
	0x4F, 0x45, 0x17, 0x70, 0x0D, 0xFE, 0x6F, 0x8F, 0x30, 0x13, 0x6E, 0x0E, 0x9B, 0x2A, 0xFD, 0x5B, 
	0x49, 0xC6, 0x39, 0xE1, 0xB8, 0xDD, 0xE5, 0x2C, 0x92, 0xBD, 0x49, 0x4F, 0xBE, 0xE2, 0xB0, 0x71, 
	0xB1, 0x3C, 0xA1, 0xE8, 0x1B, 0x7B, 0xB6, 0xAB, 0x4E, 0x3D, 0x4E, 0x27, 0xB9, 0x7C, 0x07, 0x4B, 
	0xB5, 0x6A, 0x32, 0xB6, 0xEB, 0xE1, 0xCF, 0x12, 0x94, 0x1E, 0x1B, 0x8D, 0xA7, 0x65, 0xC2, 0xD1, 
	0x0B, 0x37, 0x7B, 0xEB, 0x3B, 0x96, 0xE8, 0x91, 0x94, 0x60, 0x90, 0xD4, 0xA4, 0x8A, 0x35, 0xA2, 
	0xE4, 0x4F, 0x65, 0x34, 0xBE, 0x05, 0x78, 0x63, 0x6B, 0x67, 0x8F, 0x65, 0x03, 0x45, 0xE6, 0x7C, 
	0x0E, 0x9F, 0x39, 0x8D, 0x9E, 0x07, 0x61, 0xFF
};


// custom loader for boot 3.19
const unsigned char cloader319[2976] = {
	0x00, 0x00, 0x00, 0x00, 0x00, 0x00, 0x00, 0x00, 0x00, 0x00, 0x00, 0x00, 0x00, 0x00, 0x00, 0x00,
	0x00, 0x00, 0x00, 0x00, 0x00, 0x00, 0x00, 0x00, 0x00, 0x00, 0x00, 0x00, 0x00, 0x00, 0x00, 0x00, 
	0x00, 0x00, 0x00, 0x00, 0x00, 0x00, 0x00, 0x00, 0x00, 0x00, 0x00, 0x00, 0x00, 0x00, 0x00, 0x00, 
	0x00, 0x00, 0x00, 0x00, 0x00, 0x00, 0x00, 0x00, 0x00, 0x00, 0x00, 0x00, 0x00, 0x00, 0x00, 0x00, 
	0x00, 0x00, 0x00, 0x00, 0x00, 0x00, 0x00, 0x00, 0x00, 0x00, 0x00, 0x00, 0x00, 0x00, 0x00, 0x00, 
	0x00, 0x00, 0x00, 0x00, 0x00, 0x00, 0x00, 0x00, 0x00, 0x00, 0x00, 0x00, 0x00, 0x00, 0x00, 0x00, 
	0x00, 0x00, 0x00, 0x00, 0x00, 0x00, 0x00, 0x00, 0x00, 0x00, 0x00, 0x00, 0x00, 0x00, 0x00, 0x00, 
	0x00, 0x00, 0x00, 0x00, 0x00, 0x00, 0x00, 0x00, 0x00, 0x00, 0x00, 0x00, 0x00, 0x00, 0x00, 0x00, 
	0x00, 0x00, 0x00, 0x00, 0x00, 0x00, 0x00, 0x00, 0x00, 0x00, 0x00, 0x00, 0x00, 0x00, 0x00, 0x00, 
	0x00, 0x00, 0x00, 0x00, 0x00, 0x00, 0x00, 0x00, 0x00, 0x00, 0x00, 0x00, 0x00, 0x00, 0x00, 0x00, 
	0x00, 0x00, 0x00, 0x00, 0x00, 0x00, 0x00, 0x00, 0x00, 0x00, 0x00, 0x00, 0x00, 0x00, 0x00, 0x00, 
	0x00, 0x00, 0x00, 0x00, 0x00, 0x00, 0x00, 0x00, 0x00, 0x00, 0x00, 0x00, 0x00, 0x00, 0x00, 0x00, 
	0x00, 0x00, 0x00, 0x00, 0x00, 0x00, 0x00, 0x00, 0x00, 0x00, 0x00, 0x00, 0x00, 0x00, 0x00, 0x00, 
	0x00, 0x00, 0x00, 0x00, 0x00, 0x00, 0x00, 0x00, 0x00, 0x00, 0x00, 0x00, 0x00, 0x00, 0x00, 0x00, 
	0x00, 0x00, 0x00, 0x00, 0x00, 0x00, 0x00, 0x00, 0x00, 0x00, 0x00, 0x00, 0x00, 0x00, 0x00, 0x00, 
	0x00, 0x00, 0x00, 0x00, 0x00, 0x00, 0x00, 0x00, 0x00, 0x00, 0x00, 0x00, 0x00, 0x00, 0x00, 0x00, 
	0x00, 0x00, 0x00, 0x00, 0x00, 0x00, 0x00, 0x00, 0x00, 0x00, 0x00, 0x00, 0x00, 0x00, 0x00, 0x00, 
	0x00, 0x00, 0x00, 0x00, 0x00, 0x00, 0x00, 0x00, 0x00, 0x00, 0x00, 0x00, 0x00, 0x00, 0x00, 0x00, 
	0x00, 0x00, 0x00, 0x00, 0x00, 0x00, 0x00, 0x00, 0x00, 0x00, 0x00, 0x00, 0x00, 0x00, 0x00, 0x00, 
	0x00, 0x00, 0x00, 0x00, 0x00, 0x00, 0x00, 0x00, 0x00, 0x00, 0x00, 0x00, 0x00, 0x00, 0x00, 0x00,
	0x00, 0x00, 0x00, 0x00, 0x00, 0x00, 0x00, 0x00, 0x00, 0x00, 0x00, 0x00, 0x00, 0x00, 0x00, 0x00, 
	0x00, 0x00, 0x00, 0x00, 0x00, 0x00, 0x00, 0x00, 0x00, 0x00, 0x00, 0x00, 0x00, 0x00, 0x00, 0x00, 
	0x00, 0x00, 0x00, 0x00, 0x00, 0x00, 0x00, 0x00, 0x00, 0x00, 0x00, 0x00, 0x00, 0x00, 0x00, 0x00, 
	0x00, 0x00, 0x00, 0x00, 0x00, 0x00, 0x00, 0x00, 0x00, 0x00, 0x00, 0x00, 0x00, 0x00, 0x00, 0x00, 
	0x00, 0x00, 0x00, 0x00, 0x00, 0x00, 0x00, 0x00, 0x00, 0x00, 0x00, 0x00, 0x00, 0x00, 0x00, 0x00, 
	0x00, 0x00, 0x00, 0x00, 0x00, 0x00, 0x00, 0x00, 0x00, 0x00, 0x00, 0x00, 0x00, 0x00, 0x00, 0x00, 
	0x00, 0x00, 0x00, 0x00, 0x00, 0x00, 0x00, 0x00, 0x00, 0x00, 0x00, 0x00, 0x00, 0x00, 0x00, 0x00, 
	0x00, 0x00, 0x00, 0x00, 0x00, 0x00, 0x00, 0x00, 0x00, 0x00, 0x00, 0x00, 0x00, 0x00, 0x00, 0x00, 
	0x00, 0x00, 0x00, 0x00, 0x00, 0x00, 0x00, 0x00, 0x00, 0x00, 0x00, 0x00, 0x00, 0x00, 0x00, 0x00, 
	0x00, 0x00, 0x00, 0x00, 0x00, 0x00, 0x00, 0x00, 0x00, 0x00, 0x00, 0x00, 0x00, 0x00, 0x00, 0x00, 
	0x00, 0x00, 0x00, 0x00, 0x00, 0x00, 0x00, 0x00, 0x00, 0x00, 0x00, 0x00, 0x00, 0x00, 0x00, 0x00, 
	0x00, 0x00, 0x00, 0x00, 0x00, 0x00, 0x00, 0x00, 0x00, 0x00, 0x00, 0x00, 0x00, 0x00, 0x00, 0x00, 
	0x00, 0x00, 0x00, 0x00, 0x00, 0x00, 0x00, 0x00, 0x00, 0x00, 0x00, 0x00, 0x00, 0x00, 0x00, 0x00, 
	0x00, 0x00, 0x00, 0x00, 0x00, 0x00, 0x00, 0x00, 0x00, 0x00, 0x00, 0x00, 0x00, 0x00, 0x00, 0x00, 
	0x00, 0x00, 0x00, 0x00, 0x00, 0x00, 0x00, 0x00, 0x00, 0x00, 0x00, 0x00, 0x00, 0x00, 0x00, 0x00, 
	0x00, 0x00, 0x00, 0x00, 0x00, 0x00, 0x00, 0x00, 0x00, 0x00, 0x00, 0x00, 0x00, 0x00, 0x00, 0x00, 
	0x00, 0x00, 0x00, 0x00, 0x00, 0x00, 0x00, 0x00, 0x00, 0x00, 0x00, 0x00, 0x00, 0x00, 0x00, 0x00, 
	0x00, 0x00, 0x00, 0x00, 0x00, 0x00, 0x00, 0x00, 0x00, 0x00, 0x00, 0x00, 0x00, 0x00, 0x00, 0x00, 
	0x00, 0x00, 0x00, 0x00, 0x00, 0x00, 0x00, 0x00, 0x00, 0x00, 0x00, 0x00, 0x00, 0x00, 0x00, 0x00, 
	0x00, 0x00, 0x00, 0x00, 0x00, 0x00, 0x00, 0x00, 0x00, 0x00, 0x00, 0x00, 0x00, 0x00, 0x00, 0x00, 
	0x00, 0x00, 0x00, 0x00, 0x00, 0x00, 0x00, 0x00, 0x00, 0x00, 0x00, 0x00, 0x00, 0x00, 0x00, 0x00,
	0x00, 0x00, 0x00, 0x00, 0x00, 0x00, 0x00, 0x00, 0x00, 0x00, 0x00, 0x00, 0x00, 0x00, 0x00, 0x00, 
	0x00, 0x00, 0x00, 0x00, 0x00, 0x00, 0x00, 0x00, 0x00, 0x00, 0x00, 0x00, 0x00, 0x00, 0x00, 0x00, 
	0x00, 0x00, 0x00, 0x00, 0x00, 0x00, 0x00, 0x00, 0x00, 0x00, 0x00, 0x00, 0x00, 0x00, 0x00, 0x00, 
	0x00, 0x00, 0x00, 0x00, 0x00, 0x00, 0x00, 0x00, 0x00, 0x00, 0x00, 0x00, 0x00, 0x00, 0x00, 0x00, 
	0x00, 0x00, 0x00, 0x00, 0x00, 0x00, 0x00, 0x00, 0x00, 0x00, 0x00, 0x00, 0x00, 0x00, 0x00, 0x00, 
	0x00, 0x00, 0x00, 0x00, 0x00, 0x00, 0x00, 0x00, 0x00, 0x00, 0x00, 0x00, 0x00, 0x00, 0x00, 0x00, 
	0x00, 0x00, 0x00, 0x00, 0x00, 0x00, 0x00, 0x00, 0x00, 0x00, 0x00, 0x00, 0x00, 0x00, 0x00, 0x00, 
	0x00, 0x00, 0x00, 0x00, 0x00, 0x00, 0x00, 0x00, 0x00, 0x00, 0x00, 0x00, 0x00, 0x00, 0x00, 0x00, 
	0x00, 0x00, 0x00, 0x00, 0x00, 0x00, 0x00, 0x00, 0x00, 0x00, 0x00, 0x00, 0x00, 0x00, 0x00, 0x00, 
	0x00, 0x00, 0x00, 0x00, 0x00, 0x00, 0x00, 0x00, 0x00, 0x00, 0x00, 0x00, 0x00, 0x00, 0x00, 0x00, 
	0x00, 0x00, 0x00, 0x00, 0x00, 0x00, 0x00, 0x00, 0x00, 0x00, 0x00, 0x00, 0x00, 0x00, 0x00, 0x00, 
	0x00, 0x00, 0x00, 0x00, 0x00, 0x00, 0x00, 0x00, 0x00, 0x00, 0x00, 0x00, 0x00, 0x00, 0x00, 0x00, 
	0x00, 0x00, 0x00, 0x00, 0x00, 0x00, 0x00, 0x00, 0x00, 0x00, 0x00, 0x00, 0x00, 0x00, 0x00, 0x00, 
	0x00, 0x00, 0x00, 0x00, 0x00, 0x00, 0x00, 0x00, 0x00, 0x00, 0x00, 0x00, 0x00, 0x00, 0x00, 0x00, 
	0x00, 0x00, 0x00, 0x00, 0x00, 0x00, 0x00, 0x00, 0x00, 0x00, 0x00, 0x00, 0x00, 0x00, 0x00, 0x00, 
	0x00, 0x00, 0x00, 0x00, 0x00, 0x00, 0x00, 0x00, 0x00, 0x00, 0x00, 0x00, 0x00, 0x00, 0x00, 0x00, 
	0x00, 0x00, 0x00, 0x00, 0x00, 0x00, 0x00, 0x00, 0x00, 0x00, 0x00, 0x00, 0x00, 0x00, 0x00, 0x00, 
	0x00, 0x00, 0x00, 0x00, 0x00, 0x00, 0x00, 0x00, 0x00, 0x00, 0x00, 0x00, 0x00, 0x00, 0x00, 0x00, 
	0x00, 0x00, 0x00, 0x00, 0x00, 0x00, 0x00, 0x00, 0x00, 0x00, 0x00, 0x00, 0x00, 0x00, 0x00, 0x00, 
	0x00, 0x00, 0x00, 0x00, 0x00, 0x00, 0x00, 0x00, 0x00, 0x00, 0x00, 0x00, 0x00, 0x00, 0x00, 0x00, 
	0x00, 0x00, 0x00, 0x00, 0x00, 0x00, 0x00, 0x00, 0x00, 0x00, 0x00, 0x00, 0x00, 0x00, 0x00, 0x00,
	0x00, 0x00, 0x00, 0x00, 0x00, 0x00, 0x00, 0x00, 0x00, 0x00, 0x00, 0x00, 0x00, 0x00, 0x00, 0x00, 
	0x00, 0x00, 0x00, 0x00, 0x00, 0x00, 0x00, 0x00, 0x00, 0x00, 0x00, 0x00, 0x00, 0x00, 0x00, 0x00, 
	0xF7, 0xFE, 0xF9, 0x5B, 0xF7, 0xFE, 0xF9, 0x91, 0x49, 0x14, 0x48, 0x15, 0x18, 0x09, 0x46, 0x8D, 
	0xF0, 0x00, 0xF8, 0x28, 0xF7, 0xFE, 0xF9, 0x4C, 0xF7, 0xFE, 0xF9, 0x87, 0x28, 0x04, 0xD1, 0x02, 
	0xF0, 0x00, 0xF8, 0x28, 0xE7, 0xF8, 0x28, 0x15, 0xD1, 0x02, 0xF0, 0x00, 0xF8, 0x3A, 0xE7, 0xF3, 
	0x28, 0x16, 0xD1, 0x02, 0xF0, 0x00, 0xF8, 0x6C, 0xE7, 0xEE, 0x28, 0x17, 0xD1, 0x02, 0xF0, 0x00, 
	0xF8, 0xAD, 0xE7, 0xE9, 0x28, 0x18, 0xD1, 0x02, 0xF0, 0x00, 0xF8, 0xBC, 0xE7, 0xE4, 0x28, 0x19, 
	0xD1, 0x02, 0xF0, 0x00, 0xF8, 0xD2, 0xE7, 0xDF, 0xE7, 0xDE, 0xE7, 0xFE, 0x00, 0x00, 0x6E, 0x4C, 
	0x00, 0x00, 0x01, 0x00, 0xB5, 0x00, 0x48, 0x02, 0x21, 0x01, 0xF0, 0x00, 0xF9, 0x61, 0xBD, 0x00, 
	0x00, 0x0B, 0x00, 0x04, 0xB5, 0x00, 0xF7, 0xFE, 0xF9, 0x58, 0x28, 0xFF, 0xD1, 0x0F, 0xF7, 0xFE, 
	0xF9, 0x1C, 0xF7, 0xFE, 0xF9, 0x52, 0xF7, 0xFE, 0xF9, 0x13, 0x20, 0x94, 0xF7, 0xFE, 0xF8, 0x99, 
	0x20, 0x00, 0xF7, 0xFE, 0xF8, 0x96, 0x20, 0xFF, 0xF7, 0xFE, 0xF8, 0x93, 0xE0, 0x00, 0xE7, 0xFE, 
	0xBD, 0x00, 0xB5, 0x00, 0x24, 0xFF, 0xF7, 0xFE, 0xF9, 0x40, 0x1A, 0x24, 0x1C, 0x03, 0x02, 0x1B, 
	0xF7, 0xFE, 0xF9, 0x3B, 0x1A, 0x24, 0x18, 0x1B, 0x02, 0x1B, 0xF7, 0xFE, 0xF9, 0x36, 0x1A, 0x24, 
	0x18, 0x1B, 0x02, 0x1B, 0xF7, 0xFE, 0xF9, 0x31, 0x1A, 0x24, 0x18, 0x1B, 0xF7, 0xFE, 0xF9, 0x2D, 
	0x1A, 0x24, 0x1C, 0x05, 0xF7, 0xFE, 0xF9, 0x29, 0x1A, 0x24, 0x06, 0x24, 0xD1, 0x16, 0xF7, 0xFE, 
	0xF8, 0xEC, 0xF7, 0xFE, 0xF9, 0x22, 0xF7, 0xFE, 0xF8, 0xE3, 0x20, 0x97, 0xF7, 0xFE, 0xF8, 0x69, 
	0x24, 0x00, 0x78, 0x18, 0x18, 0x24, 0xF7, 0xFE, 0xF8, 0x64, 0x33, 0x01, 0x3D, 0x01, 0xD1, 0xF8, 
	0x0A, 0x20, 0xF7, 0xFE, 0xF8, 0x5E, 0x1C, 0x20, 0xF7, 0xFE, 0xF8, 0x5B, 0xBD, 0x00, 0x46, 0xC0, 
	0xB5, 0x00, 0x24, 0xFF, 0xF7, 0xFE, 0xF9, 0x09, 0x1A, 0x24, 0x1C, 0x03, 0x02, 0x1B, 0xF7, 0xFE, 
	0xF9, 0x04, 0x1A, 0x24, 0x18, 0x1B, 0x02, 0x1B, 0xF7, 0xFE, 0xF8, 0xFF, 0x1A, 0x24, 0x18, 0x1B,
	0x02, 0x1B, 0xF7, 0xFE, 0xF8, 0xFA, 0x1A, 0x24, 0x18, 0x1B, 0x27, 0x00, 0x4A, 0x15, 0xF7, 0xFE, 
	0xF8, 0xF4, 0x1A, 0x24, 0x55, 0xD0, 0x37, 0x01, 0x2F, 0x10, 0xD1, 0xF8, 0x1C, 0x1F, 0xF7, 0xFE, 
	0xF8, 0xEC, 0x1A, 0x24, 0x1C, 0x06, 0xF7, 0xFE, 0xF8, 0xE8, 0x1A, 0x24, 0x06, 0x24, 0xD1, 0x18, 
	0xF7, 0xFE, 0xF8, 0xAB, 0xF7, 0xFE, 0xF8, 0xE1, 0x48, 0x0A, 0x21, 0x10, 0x25, 0x40, 0x19, 0x42, 
	0x1C, 0x33, 0x1C, 0x3C, 0x46, 0xFE, 0x47, 0x20, 0xF7, 0xFE, 0xF8, 0x9A, 0x20, 0x97, 0xF7, 0xFE, 
	0xF8, 0x20, 0x25, 0x10, 0x4B, 0x03, 0x78, 0x18, 0xF7, 0xFE, 0xF8, 0x1B, 0x33, 0x01, 0x3D, 0x01, 
	0xD1, 0xF9, 0xBD, 0x00, 0x00, 0x0F, 0x00, 0x00, 0x46, 0xC0, 0x46, 0xC0, 0xB5, 0x00, 0xF7, 0xFE, 
	0xF8, 0xC4, 0x28, 0xFF, 0xD1, 0x09, 0xF7, 0xFE, 0xF8, 0x88, 0xF7, 0xFE, 0xF8, 0xBE, 0x4C, 0x04, 
	0x46, 0xFE, 0x47, 0x20, 0xF7, 0xFE, 0xF8, 0x7C, 0xE0, 0x00, 0xE7, 0xFE, 0xBD, 0x00, 0x46, 0xC0, 
	0x00, 0x80, 0x01, 0xBD, 0xB5, 0x00, 0xF7, 0xFE, 0xF8, 0xB0, 0x28, 0xFF, 0xD1, 0x13, 0xF7, 0xFE, 
	0xF8, 0x74, 0xF7, 0xFE, 0xF8, 0xAA, 0xF0, 0x00, 0xF8, 0x94, 0x1C, 0x06, 0xF7, 0xFE, 0xF8, 0x68, 
	0x20, 0x97, 0xF7, 0xFD, 0xFF, 0xEE, 0x1C, 0x30, 0xF7, 0xFD, 0xFF, 0xEB, 0x20, 0xFF, 0x1B, 0x80, 
	0xF7, 0xFD, 0xFF, 0xE7, 0xE0, 0x00, 0xE7, 0xFE, 0xBD, 0x00, 0xB5, 0x00, 0xF7, 0xFE, 0xF8, 0x95, 
	0x28, 0xFF, 0xD1, 0x14, 0xF7, 0xFE, 0xF8, 0x59, 0xF7, 0xFE, 0xF8, 0x8F, 0x48, 0x09, 0xF0, 0x00, 
	0xF8, 0x49, 0x1C, 0x06, 0xF7, 0xFE, 0xF8, 0x4C, 0x20, 0x97, 0xF7, 0xFD, 0xFF, 0xD2, 0x1C, 0x30, 
	0xF7, 0xFD, 0xFF, 0xCF, 0x20, 0xFF, 0x1B, 0x80, 0xF7, 0xFD, 0xFF, 0xCB, 0xE0, 0x00, 0xE7, 0xFE, 
	0xBD, 0x00, 0x46, 0xC0, 0x00, 0x1A, 0xFF, 0xFF, 0x46, 0xF7, 0x46, 0xC0, 0x48, 0x08, 0x88, 0x00, 
	0x0B, 0xC0, 0xD1, 0x09, 0x20, 0x01, 0x02, 0x80, 0x49, 0x06, 0x88, 0x09, 0x0A, 0xC9, 0xD2, 0x01, 
	0x38, 0x01, 0xD1, 0xF9, 0x28, 0x00, 0xD0, 0x01, 0x20, 0x01, 0x46, 0xF7, 0x20, 0x00, 0x46, 0xF7, 
	0x00, 0x00, 0x6D, 0xCC, 0x06, 0x01, 0x04, 0x22, 0xB5, 0xF0, 0x1C, 0x16, 0x1C, 0x0D, 0x1C, 0x07, 
	0xF7, 0xFF, 0xFF, 0xE2, 0xF7, 0xFF, 0xFF, 0xE2, 0x4C, 0x08, 0x84, 0x26, 0x01, 0x78, 0x43, 0x28,
	0x21, 0xFF, 0x31, 0x01, 0x43, 0x01, 0x84, 0x61, 0xF7, 0xFF, 0xFF, 0xD8, 0x8C, 0xA0, 0x04, 0x05, 
	0x8C, 0xE0, 0x43, 0x05, 0xF7, 0xFF, 0xFF, 0xD0, 0x1C, 0x28, 0xBD, 0xF0, 0x06, 0x01, 0x04, 0x00, 
	0x46, 0xC0, 0x46, 0xC0, 0xB5, 0x10, 0x04, 0x01, 0x0C, 0x0C, 0x02, 0x80, 0x0E, 0x80, 0x00, 0x81, 
	0x4A, 0x11, 0x58, 0x52, 0x21, 0x01, 0x06, 0x4B, 0x01, 0x51, 0x0F, 0x49, 0x06, 0x09, 0x42, 0x99, 
	0xD0, 0x0A, 0x03, 0x50, 0x0E, 0xC0, 0x06, 0x00, 0x0E, 0x01, 0x0E, 0xD0, 0x06, 0x00, 0x0E, 0x02, 
	0x20, 0x01, 0xF7, 0xFF, 0xFF, 0xC9, 0xE0, 0x08, 0x49, 0x07, 0x00, 0x80, 0x18, 0x08, 0x78, 0x40, 
	0x08, 0x81, 0x20, 0x3E, 0x40, 0x08, 0x49, 0x05, 0x5A, 0x08, 0x40, 0x20, 0xE0, 0x01, 0x08, 0x40, 
	0x08, 0x64, 0x08, 0x61, 0xD3, 0xFB, 0xBD, 0x10, 0x00, 0x00, 0x26, 0x50, 0x00, 0x00, 0x6F, 0x4C, 
	0x46, 0xC0, 0xB5, 0x00, 0x48, 0x08, 0xF7, 0xFF, 0xFF, 0xCD, 0x04, 0x00, 0x0C, 0x00, 0x28, 0x07, 
	0xD1, 0x08, 0x48, 0x06, 0xF7, 0xFF, 0xFF, 0xC6, 0x04, 0x00, 0x0C, 0x00, 0x28, 0x09, 0xD1, 0x01, 
	0x20, 0x44, 0xBD, 0x00, 0x20, 0x53, 0xBD, 0x00, 0x00, 0x23, 0xFC, 0x00, 0x00, 0x25, 0x0F, 0x00, 
	0xB5, 0xF0, 0xB0, 0x81, 0x1C, 0x0F, 0x1C, 0x05, 0x04, 0x28, 0x0C, 0x00, 0x90, 0x00, 0x98, 0x00, 
	0x02, 0xA9, 0x0E, 0x89, 0x04, 0x09, 0x0C, 0x0C, 0x08, 0x69, 0xD2, 0x04, 0x04, 0x79, 0x0C, 0x0F, 
	0x08, 0x40, 0x08, 0x41, 0xD3, 0xFA, 0xF7, 0xFF, 0xFF, 0x6F, 0x00, 0xA0, 0x49, 0x25, 0x58, 0x0C, 
	0x09, 0x60, 0x0F, 0x40, 0x06, 0x06, 0x46, 0xC0, 0x20, 0x01, 0x06, 0x80, 0x42, 0x86, 0xD0, 0x0F, 
	0x20, 0x01, 0x06, 0x40, 0x42, 0x86, 0xD0, 0x05, 0x48, 0x1F, 0x43, 0x28, 0xF7, 0xFF, 0xFF, 0x92, 
	0x1C, 0x05, 0xE0, 0x06, 0x02, 0x20, 0x0E, 0xC0, 0x00, 0x41, 0x48, 0x1C, 0x5A, 0x45, 0xE0, 0x00, 
	0x25, 0x00, 0x98, 0x00, 0x43, 0x85, 0x98, 0x00, 0x40, 0x38, 0x43, 0x05, 0x20, 0x1F, 0x0B, 0xA1, 
	0x40, 0x01, 0x06, 0x08, 0x0E, 0x01, 0x0E, 0xE0, 0x06, 0x00, 0x0E, 0x02, 0x20, 0x01, 0x1C, 0x2B, 
	0xF0, 0x00, 0xF8, 0x26, 0x1C, 0x07, 0xF7, 0xFF, 0xFF, 0x41, 0x46, 0xC0, 0x20, 0x01, 0x06, 0x40, 
	0x42, 0x86, 0xD1, 0x11, 0x0C, 0xE0, 0x21, 0x1F, 0x40, 0x08, 0x00, 0x41, 0x48, 0x0B, 0x18, 0x40,
	0x21, 0x07, 0x05, 0x0A, 0x02, 0x21, 0x0E, 0xC9, 0x04, 0xC9, 0x42, 0x91, 0xD1, 0x03, 0x46, 0xC0, 
	0x21, 0x01, 0x02, 0xC9, 0x43, 0x8D, 0x80, 0x05, 0xF7, 0xFF, 0xFF, 0x26, 0x1C, 0x38, 0xB0, 0x01, 
	0xBD, 0xF0, 0x46, 0xC0, 0x00, 0x00, 0x26, 0x50, 0x00, 0x00, 0xFF, 0xFF, 0x00, 0x00, 0x6F, 0x4C, 
	0xB5, 0xF0, 0x1C, 0x1E, 0x1C, 0x14, 0x1C, 0x0D, 0x1C, 0x07, 0xF7, 0xFF, 0xFF, 0x15, 0xF7, 0xFF, 
	0xFF, 0x15, 0x48, 0x0D, 0x21, 0xE0, 0x43, 0x21, 0x84, 0x01, 0x2F, 0x05, 0xD0, 0x07, 0x01, 0x79, 
	0x43, 0x29, 0x46, 0xC0, 0x22, 0x01, 0x02, 0x52, 0x43, 0x0A, 0x84, 0x42, 0xE0, 0x02, 0x01, 0x79, 
	0x43, 0x29, 0x84, 0x41, 0x2C, 0x10, 0xDB, 0x01, 0x0C, 0x31, 0x84, 0x81, 0x84, 0xC6, 0xF7, 0xFF, 
	0xFE, 0xFB, 0x20, 0x01, 0xBD, 0xF0, 0x46, 0xC0, 0x06, 0x01, 0x04, 0x00, 0x46, 0xC0, 0x46, 0xC0, 
	0x3B, 0x00, 0x80, 0x00, 0x3B, 0x00, 0xC0, 0x00, 0x3B, 0x01, 0x00, 0x00, 0x3C, 0x01, 0x40, 0x00, 
	0x3A, 0x89, 0x80, 0x00, 0x3B, 0x01, 0xC0, 0x00, 0x3B, 0x02, 0x00, 0x00, 0x3A, 0x0A, 0x40, 0x00, 
	0x3A, 0x12, 0x80, 0x00, 0x3A, 0x1A, 0xC0, 0x00, 0x3A, 0x23, 0x00, 0x00, 0x3A, 0x2B, 0x40, 0x00, 
	0x3A, 0x33, 0x80, 0x00, 0x3A, 0x3B, 0xC0, 0x00, 0x3A, 0x44, 0x00, 0x00, 0x3A, 0x4C, 0x40, 0x00, 
	0x3A, 0x54, 0x80, 0x00, 0x3A, 0x5C, 0xC0, 0x00, 0x7B, 0x05, 0x00, 0x00, 0x7C, 0x05, 0x40, 0x00, 
	0x7A, 0x95, 0x80, 0x00, 0x7A, 0x65, 0xC0, 0x00, 0x7A, 0x6E, 0x00, 0x00, 0x7A, 0x76, 0x40, 0x00, 
	0x7A, 0x7E, 0x80, 0x00, 0x79, 0x06, 0xC0, 0x00, 0x79, 0x07, 0x00, 0x00, 0x79, 0x07, 0x40, 0x00, 
	0x79, 0x07, 0x80, 0x00, 0x79, 0x07, 0xC0, 0x00, 0x39, 0x04, 0x40, 0x00, 0x39, 0x04, 0x80, 0x00, 
	0x39, 0x04, 0xC0, 0x00, 0x79, 0x06, 0x80, 0x00, 0x7A, 0x86, 0xC0, 0x00, 0x79, 0x00, 0x00, 0x00, 
	0x11, 0x00, 0x00, 0x00, 0x93, 0x00, 0x40, 0x00, 0x93, 0x00, 0x40, 0x00, 0x00, 0x00, 0x00, 0x00, 
	0x00, 0x00, 0x00, 0x00, 0x00, 0x00, 0x00, 0x00, 0x00, 0x00, 0x00, 0x00, 0x00, 0x00, 0x00, 0x00, 
	0x00, 0x00, 0x00, 0x00, 0x00, 0x00, 0x00, 0x00, 0x00, 0x00, 0x00, 0x00, 0x00, 0x00, 0x00, 0x00, 
	0x00, 0x00, 0x00, 0x00, 0x00, 0x00, 0x00, 0x00, 0x00, 0x00, 0x00, 0x00, 0x00, 0x00, 0x00, 0x00,
	0x00, 0x00, 0x00, 0x00, 0x00, 0x00, 0x00, 0x00, 0x00, 0x00, 0x00, 0x00, 0x00, 0x00, 0x00, 0x00, 
	0x00, 0x00, 0x00, 0x00, 0x00, 0x00, 0x00, 0x00, 0x00, 0x00, 0x00, 0x00, 0x00, 0x00, 0x00, 0x00, 
	0x00, 0x00, 0x00, 0x00, 0x00, 0x00, 0x00, 0x00, 0x00, 0x00, 0x00, 0x00, 0x00, 0x00, 0x00, 0x00, 
	0x00, 0x00, 0x00, 0x00, 0x00, 0x00, 0x00, 0x00, 0x00, 0x00, 0x00, 0x00, 0x00, 0x00, 0x00, 0x00, 
	0x00, 0x00, 0x00, 0x00, 0x00, 0x00, 0x00, 0x00, 0x00, 0x00, 0x00, 0x00, 0x00, 0x00, 0x00, 0x00, 
	0x00, 0x00, 0x00, 0x00, 0x00, 0x00, 0x00, 0x00, 0x00, 0x00, 0x00, 0x00, 0x00, 0x00, 0x00, 0x00, 
	0x00, 0x00, 0x00, 0x00, 0x00, 0x00, 0x00, 0x00, 0x00, 0x00, 0x00, 0x00, 0x00, 0x00, 0x00, 0x00, 
	0x00, 0x00, 0x00, 0x00, 0x00, 0x00, 0x00, 0x00, 0x00, 0x00, 0x00, 0x00, 0x00, 0x00, 0x00, 0x00, 
	0x00, 0x00, 0x00, 0x00, 0x00, 0x00, 0x00, 0x00, 0x00, 0x00, 0x00, 0x00, 0x00, 0x00, 0x00, 0x00, 
	0x00, 0x00, 0x00, 0x00, 0x00, 0x00, 0x00, 0x00, 0x00, 0x00, 0x00, 0x00, 0x00, 0x00, 0x00, 0x00, 
	0x00, 0x00, 0x00, 0x00, 0x00, 0x00, 0x00, 0x00, 0x00, 0x00, 0x00, 0x00, 0x00, 0x00, 0x00, 0x00, 
	0x00, 0x00, 0x00, 0x00, 0x00, 0x00, 0x00, 0x00, 0x00, 0x00, 0x00, 0x00, 0x00, 0x00, 0x00, 0x00, 
	0x00, 0x00, 0x00, 0x00, 0x00, 0x00, 0x00, 0x00, 0x00, 0x00, 0x00, 0x00, 0x00, 0x00, 0x00, 0x00, 
	0x00, 0x00, 0x00, 0x00, 0x00, 0x00, 0x00, 0x00, 0x00, 0x00, 0x00, 0x00, 0x00, 0x00, 0x00, 0x00, 
	0x00, 0x00, 0x00, 0x00, 0x00, 0x00, 0x00, 0x00, 0x00, 0x00, 0x00, 0x00, 0x00, 0x00, 0x00, 0x00, 
	0x00, 0x00, 0x00, 0x00, 0x00, 0x00, 0x00, 0x00, 0x00, 0x00, 0x00, 0x00, 0x00, 0x00, 0x00, 0x00, 
	0x00, 0x00, 0x00, 0x00, 0x00, 0x00, 0x00, 0x00, 0x00, 0x00, 0x00, 0x00, 0x00, 0x00, 0x00, 0x00, 
	0x00, 0x00, 0x00, 0x00, 0x00, 0x00, 0x00, 0x00, 0x00, 0x00, 0x00, 0x00, 0x00, 0x00, 0x00, 0x00, 
	0x00, 0x00, 0x00, 0x00, 0x00, 0x00, 0x00, 0x00, 0x00, 0x00, 0x00, 0x00, 0x00, 0x00, 0x00, 0x00, 
	0x00, 0x00, 0x00, 0x00, 0x00, 0x00, 0x00, 0x00, 0x00, 0x00, 0x00, 0x00, 0x00, 0x00, 0x00, 0x00, 
	0x00, 0x00, 0x00, 0x00, 0x00, 0x00, 0x00, 0x00, 0x00, 0x00, 0x00, 0x00, 0x00, 0x00, 0x00, 0x00,
	0x00, 0x00, 0x00, 0x00, 0x00, 0x00, 0x00, 0x00, 0x00, 0x00, 0x00, 0x00, 0x00, 0x00, 0x00, 0x00, 
	0x00, 0x00, 0x00, 0x00, 0x00, 0x00, 0x00, 0x00, 0x00, 0x00, 0x00, 0x00, 0x00, 0x00, 0x00, 0x00, 
	0x00, 0x00, 0x00, 0x00, 0x00, 0x00, 0x00, 0x00, 0x00, 0x00, 0x00, 0x00, 0x00, 0x00, 0x00, 0x00, 
	0x00, 0x00, 0x00, 0x00, 0x00, 0x00, 0x00, 0x00, 0x00, 0x00, 0x00, 0x00, 0x00, 0x00, 0x00, 0x00, 
	0x00, 0x00, 0x00, 0x00, 0x00, 0x00, 0x00, 0x00, 0x00, 0x00, 0x00, 0x00, 0x00, 0x00, 0x00, 0x00, 
	0x00, 0x00, 0x00, 0x00, 0x00, 0x00, 0x00, 0x00, 0x00, 0x00, 0x00, 0x00, 0x00, 0x00, 0x00, 0x00, 
	0x00, 0x00, 0x00, 0x00, 0x00, 0x00, 0x00, 0x00, 0x00, 0x00, 0x00, 0x00, 0x00, 0x00, 0x00, 0x00, 
	0x00, 0x00, 0x00, 0x00, 0x00, 0x00, 0x00, 0x00, 0x00, 0x00, 0x00, 0x00, 0x00, 0x00, 0x00, 0x00, 
	0x00, 0x00, 0x00, 0x00, 0x00, 0x00, 0x00, 0x00, 0x00, 0x00, 0x00, 0x00, 0x00, 0x00, 0x00, 0x00, 
	0x00, 0x00, 0x00, 0x00, 0x00, 0x00, 0x00, 0x00, 0x00, 0x00, 0x00, 0x00, 0x00, 0x00, 0x00, 0x00, 
	0x00, 0x00, 0x00, 0x00, 0x00, 0x00, 0x00, 0x00, 0x00, 0x00, 0x00, 0x00, 0x00, 0x00, 0x00, 0x00, 
	0x00, 0x00, 0x00, 0x00, 0x00, 0x00, 0x00, 0x00, 0x00, 0x00, 0x00, 0x00, 0x00, 0x00, 0x00, 0x00, 
	0x00, 0x00, 0x00, 0x00, 0x00, 0x00, 0x00, 0x00, 0x00, 0x00, 0x00, 0x00, 0x00, 0x00, 0x00, 0x00, 
	0x00, 0x00, 0x00, 0x00, 0x00, 0x00, 0x00, 0x00, 0x00, 0x00, 0x00, 0x00, 0x00, 0x00, 0x00, 0x00, 
	0x00, 0x00, 0x00, 0x00, 0x00, 0x00, 0x00, 0x00, 0x00, 0x00, 0x00, 0x00, 0x00, 0x00, 0x00, 0x00, 
	0x00, 0x00, 0x00, 0x00, 0x00, 0x00, 0x00, 0x00, 0x00, 0x00, 0x00, 0x00, 0x00, 0x00, 0x00, 0x00, 
	0x00, 0x00, 0x00, 0x00, 0x00, 0x00, 0x00, 0x00, 0x00, 0x00, 0x00, 0x00, 0x00, 0x00, 0x00, 0x00, 
	0x00, 0x00, 0x00, 0x00, 0x00, 0x00, 0x00, 0x00, 0x00, 0x00, 0x00, 0x00, 0x00, 0x00, 0x00, 0x00, 
	0x00, 0x00, 0x00, 0x00, 0x00, 0x00, 0x00, 0x00, 0x00, 0x00, 0x00, 0x00, 0x00, 0x00, 0x00, 0x00
};



unsigned char *load_loader ( unsigned char *name, int *length )
{
	t_workspace *ws = NULL;
	int start = 0;

	if ( !name )
		return NULL;
	ws = WorkspaceStartup  ( name );
	if ( !ws )
	{
		printf ( " [F] unable to open '%s'\n", name );
		return NULL;
	}

	if ( __v_get_b(ws, 0) != 0xA0 && __v_get_b(ws, 0) != 0xA1 )
 	{
		printf ( " [F] invalid loader '%s'\n", name );
		return NULL;
	}

	start = __v_get_w ( ws, 1 );
	*length = __v_get_size ( ws ) - (start+5);

	printf ( " [i] loader type %02X, %i bytes\n", __v_get_b(ws, 0), *length );


	return __v_get_ptr ( ws, start+5 );

}

int main ( )
{
	char buffer[1024];
	unsigned int address = 0x01000000;
	unsigned int bytes = 0x40;

	int length = 0;
	unsigned char *loader = NULL;
	char *u_2nd = "C:\\Programme\\Nokia\\Phoenix_2003.37.0.41\\flash\\u_2nd.fia";
	char *u_3rd = "C:\\Programme\\Nokia\\Phoenix_2003.37.0.41\\flash\\u_intel.fia";


	//
	// initialize phone and get UPP ID
	//
	printf ( "[x] Init Phone and check UPP ID...\n" );
	if ( __prodigize_check_bootrom ( buffer ) != E_OK )
		return E_FAIL;


	//
	// open second loader and upload
	//
	printf ( "[x] Load 2nd loader...\n" );

	loader = load_loader ( u_2nd, &length );
	if ( !loader )
		return E_FAIL;

	loader = u_2nd319;
	length = 2248;

	if ( __prodigize_boot_2nd ( buffer, loader, length ) != E_OK )
		return E_FAIL;



	//
	// open third loader and upload
	//
	printf ( "[x] Load 3rd loader...\n" );
	loader = load_loader ( u_3rd, &length );
	if ( !loader )
		return E_FAIL;

	loader = cloader319;
	length = 2976;

	if ( __prodigize_boot_3rd ( loader, length ) != E_OK )
		return E_FAIL;


	//
	// read memory area
	//
	printf ( "[x] Read Memory...\n" );
	if ( __prodigize_read_memory ( buffer, address, bytes ) != E_OK )
		return E_FAIL;

	printf ( "[x] Dumping 0x%02X bytes from 0x%08X:\n", bytes, address );

	__util_dump_bytes ( buffer, 0x10, bytes );

}
