#title "TriXCrypT test"
#author "g3gg0"

#include trix
#include stdio


int main ()
{
	__file_format ( GetWorkspace()->fileinfo, "TRIXCRYPT" );
	return E_OK;
}
