// load plugin
#plugin trix_fmtbabe

// include headers
#include trix
#include trix_fmtbabe
#include "scripts/SE/se_babe_defs.trx"

int main ()
{
   BABE_INIT // init babe workspace

   printf ( "Firmware: %s\n", GetName () );
   printf ( "Platform: %s\n", GetPlatform () );

   return E_OK;
}
